{
  "stats": {
    "suites": 1,
    "tests": 1,
    "passes": 0,
    "pending": 0,
    "failures": 1,
    "start": "2025-05-16T14:37:21.691Z",
    "end": "2025-05-16T14:37:37.633Z",
    "duration": 15942,
    "testsRegistered": 1,
    "passPercent": 0,
    "pendingPercent": 0,
    "other": 0,
    "hasOther": false,
    "skipped": 0,
    "hasSkipped": false
  },
  "results": [
    {
      "uuid": "9b20480e-764d-49f3-a78d-63604acaebbd",
      "title": "",
      "fullFile": "cypress\\e2e\\Verificación de Receta.cy.js",
      "file": "cypress\\e2e\\Verificación de Receta.cy.js",
      "beforeHooks": [],
      "afterHooks": [],
      "tests": [],
      "suites": [
        {
          "uuid": "1bfe332d-9036-4241-a347-fc50cb54b367",
          "title": "Login",
          "fullFile": "",
          "file": "",
          "beforeHooks": [],
          "afterHooks": [],
          "tests": [
            {
              "title": "Should log in without issues",
              "fullTitle": "Login Should log in without issues",
              "timedOut": null,
              "duration": 10591,
              "state": "failed",
              "speed": null,
              "pass": false,
              "fail": true,
              "pending": false,
              "context": null,
              "code": "cy.visit(\"https://spa-container-qa.nuevoexpediente.com/login\");\ncy.wait(1000);\ncy.get(\"#input_nombre_usuario_login\").type(\"20240627001\");\ncy.wait(1000);\ncy.get(\"#input_contrasena_login\").type(\"Password01\", {\n  log: false\n});\ncy.wait(1000);\ncy.get(\"#btn_ingresar_login\").click();\ncy.wait(1000);\ncy.get(\"#btn_seleccionar_unidad_ejecutora_hospital_rafael_estevez\").click();\ncy.wait(1000);\ncy.get(\"#btn_seleccionar_area_consulta_externa\").click();\ncy.wait(1000);\n// verify tab url\ncy.url().should('include', 'https://spa-container-qa.nuevoexpediente.com/app/medical-records/dashboard');\ncy.location().then(location => {\n  cy.get(\"#spn_icono_farmacia_verificacion\").click();\n  cy.wait(5000);\n  // verify tab url\n  cy.url().should('include', 'https://spa-container-qa.nuevoexpediente.com/app/farmacia/verificacion');\n  cy.get(\"#number\").type(\"ma\");\n  cy.wait(2000).tab();\n  cy.get(\"#number\").type(\"{enter}\");\n  cy.wait(1000).tab();\n  cy.get(\"#btn_validar_paciente\").click();\n});",
              "err": {
                "message": "Error: AssertionError: Timed out retrying after 4000ms: Expected to find element: `#btn_seleccionar_unidad_ejecutora_hospital_rafael_estevez`, but never found it.",
                "estack": "Error: AssertionError: Timed out retrying after 4000ms: Expected to find element: `#btn_seleccionar_unidad_ejecutora_hospital_rafael_estevez`, but never found it.",
                "diff": null
              },
              "uuid": "d47014f7-8bc6-404f-9d09-c2a7c6e61bdc",
              "parentUUID": "1bfe332d-9036-4241-a347-fc50cb54b367",
              "isHook": false,
              "skipped": false
            }
          ],
          "suites": [],
          "passes": [],
          "failures": [
            "d47014f7-8bc6-404f-9d09-c2a7c6e61bdc"
          ],
          "pending": [],
          "skipped": [],
          "duration": 10591,
          "root": false,
          "rootEmpty": false,
          "_timeout": 2000
        }
      ],
      "passes": [],
      "failures": [],
      "pending": [],
      "skipped": [],
      "duration": 0,
      "root": true,
      "rootEmpty": true,
      "_timeout": 2000
    }
  ],
  "meta": {
    "mocha": {
      "version": "7.0.1"
    },
    "mochawesome": {
      "options": {
        "quiet": false,
        "reportFilename": "mochawesome",
        "saveHtml": false,
        "saveJson": true,
        "consoleReporter": "spec",
        "useInlineDiffs": false,
        "code": true
      },
      "version": "7.1.3"
    },
    "marge": {
      "options": {
        "id": "default",
        "reportDir": "results",
        "overwrite": false,
        "html": false,
        "json": true
      },
      "version": "6.2.0"
    }
  }
}