{
  "stats": {
    "suites": 1,
    "tests": 1,
    "passes": 1,
    "pending": 0,
    "failures": 0,
    "start": "2025-05-16T14:30:19.705Z",
    "end": "2025-05-16T14:30:42.743Z",
    "duration": 23038,
    "testsRegistered": 1,
    "passPercent": 100,
    "pendingPercent": 0,
    "other": 0,
    "hasOther": false,
    "skipped": 0,
    "hasSkipped": false
  },
  "results": [
    {
      "uuid": "c3d3cc2c-626b-448d-92d2-88967f2c0bc0",
      "title": "",
      "fullFile": "cypress\\e2e\\LoginExitoso.cy.js",
      "file": "cypress\\e2e\\LoginExitoso.cy.js",
      "beforeHooks": [],
      "afterHooks": [],
      "tests": [],
      "suites": [
        {
          "uuid": "816074e0-2c46-45a1-8f45-5297eb84a0f4",
          "title": "Login",
          "fullFile": "",
          "file": "",
          "beforeHooks": [],
          "afterHooks": [],
          "tests": [
            {
              "title": "Inicio de sesión éxitoso",
              "fullTitle": "Login Inicio de sesión éxitoso",
              "timedOut": null,
              "duration": 8781,
              "state": "passed",
              "speed": "medium",
              "pass": true,
              "fail": false,
              "pending": false,
              "context": null,
              "code": "// Llama a la función login \ncy.login_CORE();",
              "err": {},
              "uuid": "13ed00b7-07fd-463d-aef6-b70a7e7fd4f9",
              "parentUUID": "816074e0-2c46-45a1-8f45-5297eb84a0f4",
              "isHook": false,
              "skipped": false
            }
          ],
          "suites": [],
          "passes": [
            "13ed00b7-07fd-463d-aef6-b70a7e7fd4f9"
          ],
          "failures": [],
          "pending": [],
          "skipped": [],
          "duration": 8781,
          "root": false,
          "rootEmpty": false,
          "_timeout": 2000
        }
      ],
      "passes": [],
      "failures": [],
      "pending": [],
      "skipped": [],
      "duration": 0,
      "root": true,
      "rootEmpty": true,
      "_timeout": 2000
    }
  ],
  "meta": {
    "mocha": {
      "version": "7.0.1"
    },
    "mochawesome": {
      "options": {
        "quiet": false,
        "reportFilename": "mochawesome",
        "saveHtml": false,
        "saveJson": true,
        "consoleReporter": "spec",
        "useInlineDiffs": false,
        "code": true
      },
      "version": "7.1.3"
    },
    "marge": {
      "options": {
        "id": "default",
        "reportDir": "results",
        "overwrite": false,
        "html": false,
        "json": true
      },
      "version": "6.2.0"
    }
  }
}