{
  "stats": {
    "suites": 1,
    "tests": 1,
    "passes": 0,
    "pending": 0,
    "failures": 1,
    "start": "2025-05-16T14:25:40.757Z",
    "end": "2025-05-16T14:26:28.651Z",
    "duration": 47894,
    "testsRegistered": 1,
    "passPercent": 0,
    "pendingPercent": 0,
    "other": 0,
    "hasOther": false,
    "skipped": 0,
    "hasSkipped": false
  },
  "results": [
    {
      "uuid": "1128229e-d666-49e8-bcda-d1fc05fa29bc",
      "title": "",
      "fullFile": "cypress\\e2e\\Configuración de agendas de citas.cy.js",
      "file": "cypress\\e2e\\Configuración de agendas de citas.cy.js",
      "beforeHooks": [],
      "afterHooks": [],
      "tests": [],
      "suites": [
        {
          "uuid": "420c7708-6e3a-4be7-87f1-84764557e58b",
          "title": "Configuración de agendas de citas",
          "fullFile": "",
          "file": "",
          "beforeHooks": [],
          "afterHooks": [],
          "tests": [
            {
              "title": "debería iniciar sesión con éxito",
              "fullTitle": "Configuración de agendas de citas debería iniciar sesión con éxito",
              "timedOut": null,
              "duration": 34205,
              "state": "failed",
              "speed": null,
              "pass": false,
              "fail": true,
              "pending": false,
              "context": null,
              "code": "// Llama a la función login \ncy.login_SDA();\n// Verifica que el login haya sido exitoso\ncy.url().should('not.include', '/login');\ncy.wait(1000);\ncy.get('#div_nombre_usuario', {\n  timeout: 10000\n}).should('be.visible').click();\ncy.get('#div_menu_cambiar_cuenta', {\n  timeout: 10000\n}).should('be.visible').click();\ncy.get('#div_seleccionar_rol_supervisor_de_tramites_y_citas', {\n  timeout: 10000\n}).should('be.visible').click();\ncy.wait(1000);\ncy.get(\"#btn_menu_desplegable\").should('be.visible').click();\ncy.wait(1000);\ncy.get(\"#spn_modulo_unidades_ejecutoras_agendas\").should('be.visible').click();\ncy.wait(1000);\ncy.get(\"#btn_menu_desplegable\").should('be.visible').click();\ncy.wait(2000);\ncy.wait(100).tab();\ncy.wait(100).tab();\ncy.get('#select_Agendas_Servicio', {\n  timeout: 1000\n}).should('exist').should('be.visible').type('Medicina general').type('{enter}');\ncy.get('#select_Agendas_Especialidad', {\n  timeout: 1000\n}).should('exist').should('be.visible').type('Medicina general').type('{enter}');\ncy.get('#select_Agendas_Personal_Salud') // Selecciona el campo de búsqueda\n.click({\n  force: true\n}); // Forza el clic si es necesario\ncy.wait(500);\ncy.xpath('//*[@id=\"select_Agendas_Personal_Salud_list_0\"]').should('be.visible');\n// Si quieres interactuar con el elemento, puedes agregarlo así:\ncy.xpath('//*[@id=\"select_Agendas_Personal_Salud_list_0\"]').click();\ncy.get(\"#btn_Agendas_Crear_Agenda\").should('be.visible').click();\ncy.wait(1000);\ncy.xpath('//*[@id=\"date_picker_Creando_Agenda_Fecha_Inicio\"]').click();\ncy.contains('a', 'Hoy').click();\ncy.get('body').tab();\ncy.wait(100).tab();\ncy.wait(100).tab();\ncy.wait(100).tab();\ncy.wait(100).tab();\ncy.get('#ddl_Creando_Agenda_Atencion_Semanal', {\n  timeout: 1000\n}).should('exist').should('be.visible').type('Lunes').type('{enter}');\ncy.wait(100).tab();\ncy.get('#ddl_Creando_Agenda_Consultorio_Lunes') // Selecciona el campo de búsqueda\n.click({\n  force: true\n}); // Forza el clic si es necesario\ncy.wait(500);\ncy.get('#ddl_Creando_Agenda_Consultorio_Lunes_list .ant-select-item-option') // Selecciona los elementos de la lista\n.eq(0) // Toma el elemento 10\n.click(); // Hace clic en el primer elemento\ncy.wait(100).tab();\ncy.get('#time_picker_Creando_Agenda_Horario_Lunes', {\n  timeout: 1000\n}).should('exist').should('be.visible').type('12:00 PM');\ncy.wait(100).tab().type('1:00 PM').type('{enter}');\ncy.wait(100).tab();\ncy.get(\"#btn_Creando_Agenda_Agregar_Cita\").should('be.visible').click();\ncy.wait(1000);\ncy.get('#ddl_Creando_Agenda_Tipo_Cita_0', {\n  timeout: 1000\n}).should('exist').should('be.visible').type('Nuevo').type('{enter}');\ncy.wait(100).tab();\ncy.get('#ddl_Creando_Agenda_Equivalencia_0', {\n  timeout: 1000\n}).should('exist').should('be.visible').type('60 min').type('{enter}');\ncy.wait(100).tab();\ncy.get('#ddl_Creando_Agenda_Numero_Citas_0', {\n  timeout: 1000\n}).should('exist').should('be.visible').type('1 citas').type('{enter}');\ncy.wait(100).tab();\ncy.get('#btn_Creando_Agenda_Crear').scrollIntoView().should('be.visible').click();\ncy.wait(1000);\ncy.contains('button', 'Siguiente') // Busca el botón que contiene el texto 'Siguiente'\n.click();\ncy.wait(1000);\ncy.contains('button', 'Finalizar') // Busca el botón que contiene el texto 'Finalizar'\n.click();",
              "err": {
                "message": "Error: AssertionError: Timed out retrying after 4000ms: Expected to find element: `#btn_Creando_Agenda_Agregar_Cita`, but never found it.",
                "estack": "Error: AssertionError: Timed out retrying after 4000ms: Expected to find element: `#btn_Creando_Agenda_Agregar_Cita`, but never found it.",
                "diff": null
              },
              "uuid": "bac15717-304c-4caf-bd68-8620e8ac8cce",
              "parentUUID": "420c7708-6e3a-4be7-87f1-84764557e58b",
              "isHook": false,
              "skipped": false
            }
          ],
          "suites": [],
          "passes": [],
          "failures": [
            "bac15717-304c-4caf-bd68-8620e8ac8cce"
          ],
          "pending": [],
          "skipped": [],
          "duration": 34205,
          "root": false,
          "rootEmpty": false,
          "_timeout": 2000
        }
      ],
      "passes": [],
      "failures": [],
      "pending": [],
      "skipped": [],
      "duration": 0,
      "root": true,
      "rootEmpty": true,
      "_timeout": 2000
    }
  ],
  "meta": {
    "mocha": {
      "version": "7.0.1"
    },
    "mochawesome": {
      "options": {
        "quiet": false,
        "reportFilename": "mochawesome",
        "saveHtml": false,
        "saveJson": true,
        "consoleReporter": "spec",
        "useInlineDiffs": false,
        "code": true
      },
      "version": "7.1.3"
    },
    "marge": {
      "options": {
        "id": "default",
        "reportDir": "results",
        "overwrite": false,
        "html": false,
        "json": true
      },
      "version": "6.2.0"
    }
  }
}