{
  "stats": {
    "suites": 1,
    "tests": 2,
    "passes": 2,
    "pending": 0,
    "failures": 0,
    "start": "2025-05-16T17:19:44.071Z",
    "end": "2025-05-16T17:20:25.985Z",
    "duration": 41914,
    "testsRegistered": 2,
    "passPercent": 100,
    "pendingPercent": 0,
    "other": 0,
    "hasOther": false,
    "skipped": 0,
    "hasSkipped": false
  },
  "results": [
    {
      "uuid": "f63ec5fa-ac6a-4d0d-9a96-3e51ffb322f8",
      "title": "",
      "fullFile": "cypress\\e2e\\CORE\\TC_CP_Unidades ejecutoras_Crear unidad ejecutora.cy.js",
      "file": "cypress\\e2e\\CORE\\TC_CP_Unidades ejecutoras_Crear unidad ejecutora.cy.js",
      "beforeHooks": [],
      "afterHooks": [],
      "tests": [],
      "suites": [
        {
          "uuid": "eb3440ec-1a8d-49ba-82b1-f82b681eec2c",
          "title": "Crear unidad ejecutora",
          "fullFile": "",
          "file": "",
          "beforeHooks": [],
          "afterHooks": [],
          "tests": [
            {
              "title": "Inicio de sesión éxitoso",
              "fullTitle": "Crear unidad ejecutora Inicio de sesión éxitoso",
              "timedOut": null,
              "duration": 33987,
              "state": "passed",
              "speed": "slow",
              "pass": true,
              "fail": false,
              "pending": false,
              "context": null,
              "code": "// Llama a la función login \ncy.login_CORE();\n// Verifica que el login haya sido exitoso, por ejemplo, comprobando que la URL cambió\ncy.url().should('not.include', '/login');\ncy.wait(1000);\ncy.get(\"#btn_menu_desplegable\").should('be.visible').click();\ncy.wait(1000);\ncy.get(\"#spn_modulo_medical_records_list_executing_units\").should('be.visible').click();\ncy.wait(1000);\ncy.get(\"#btn_menu_desplegable\").should('be.visible').click();\ncy.wait(1000);\ncy.get(\"#btn_crear_unidad_ejecutora\").should('be.visible').click();\ncy.wait(100).tab();\ncy.wait(100).tab();\ncy.wait(100).tab();\ncy.wait(100).tab();\n// 1. Provincia\ncy.get('#ddl_seleccionar_provincia_unidad_ejecutora') // Selecciona el campo de búsqueda\n.click({\n  force: true\n}); // Forza el clic si es necesario\n// Espera a que la lista de opciones se cargue (si es necesario)\ncy.wait(500); // Ajusta el tiempo de espera según la velocidad de la aplicación\n// Selecciona el primer elemento de la lista\ncy.get('#ddl_seleccionar_provincia_unidad_ejecutora_list .ant-select-item-option') // Selecciona los elementos de la lista\n.eq(1) // Toma el primer elemento\n.click(); // Hace clic en el primer elemento\ncy.wait(100).tab();\n// 2. Distrito\ncy.get('#ddl_seleccionar_distrito_unidad_ejecutora') // Selecciona el campo de búsqueda\n.click({\n  force: true\n}); // Forza el clic si es necesario\n// Espera a que la lista de opciones se cargue (si es necesario)\ncy.wait(500); // Ajusta el tiempo de espera según la velocidad de la aplicación\n// Selecciona el primer elemento de la lista\ncy.get('#ddl_seleccionar_distrito_unidad_ejecutora_list .ant-select-item-option') // Selecciona los elementos de la lista\n.first() // Toma el primer elemento\n.click(); // Hace clic en el primer elemento\ncy.wait(100).tab();\n// 3. Corregimiento\ncy.get('#ddl_seleccionar_corregimiento_unidad_ejecutora') // Selecciona el campo de búsqueda\n.click({\n  force: true\n}); // Forza el clic si es necesario\n// Espera a que la lista de opciones se cargue (si es necesario)\ncy.wait(500); // Ajusta el tiempo de espera según la velocidad de la aplicación\n// Selecciona el primer elemento de la lista\ncy.get('#ddl_seleccionar_corregimiento_unidad_ejecutora_list .ant-select-item-option') // Selecciona los elementos de la lista\n.first() // Toma el primer elemento\n.click(); // Hace clic en el primer elemento\ncy.wait(100).tab();\n// 4. Nivel de atención\ncy.get('#ddl_seleccionar_nivel_atencion') // Selecciona el campo de búsqueda\n.click({\n  force: true\n}); // Forza el clic si es necesario\n// Espera a que la lista de opciones se cargue (si es necesario)\ncy.wait(500); // Ajusta el tiempo de espera según la velocidad de la aplicación\n// Selecciona el primer elemento de la lista\ncy.get('#ddl_seleccionar_nivel_atencion_list .ant-select-item-option') // Selecciona los elementos de la lista\n.first() // Toma el primer elemento\n.click(); // Hace clic en el primer elemento\ncy.wait(100).tab();\n// 5. Código unidad ejecutora\nconst randomNumber = Math.floor(Math.random() * (1000 - 500 + 1)) + 500;\ncy.get('#input_codigo_unidad_ejecutora').type(randomNumber.toString()); //Escribir información\ncy.wait(100).tab();\n// 6. Unidad ejecutora\ncy.get('#input_nombre_unidad_ejecutora').type(\"Prueba\" + randomNumber); //Escribir información\ncy.wait(100).tab();\n// 7. Habilitar unidad ejecutora\ncy.get('#btn_si_habilitar') // Selecciona el radio button usando el ID\n.check();\ncy.wait(100).tab();\n// 8. Selecciona el servicio\ncy.get('#ddl_seleccionar_servicio') // Selecciona el campo de búsqueda\n.click({\n  force: true\n}); // Forza el clic si es necesario\n// Espera a que la lista de opciones se cargue (si es necesario)\ncy.wait(500); // Ajusta el tiempo de espera según la velocidad de la aplicación\n// Selecciona el primer elemento de la lista\ncy.get('#ddl_seleccionar_servicio_list .ant-select-item-option') // Selecciona los elementos de la lista\n.eq(15) // Toma el elemento 10\n.click(); // Hace clic en el primer elemento\ncy.wait(100).tab();\n//Seleccionamos el botón Asignar servicio\"\ncy.get(\"#btn_asignar_servicio\").should('be.visible').click();\ncy.wait(100).tab();\ncy.get('.ant-alert-message') // Selecciona el div con la clase ant-alert-message\n.should('be.visible') // Asegura que el mensaje esté visible\n.and('contain.text', 'Servicio agregado correctamente.');\ncy.wait(2000).tab();\n//Seleccionamos el botón Crear Unidad Ejecutora\"\ncy.get(\"#btn_crear_unidad_ejecutora\").should('be.visible').click();\ncy.wait(100).tab();\ncy.wait(2000).tab();\n//bucar Unidad Ejecutora\ncy.get('#ddl_provincia_lista_unidad_ejecutora') // Selecciona el campo de búsqueda\n.click({\n  force: true\n}); // Forza el clic si es necesario\n// Espera a que la lista de opciones se cargue (si es necesario)\ncy.wait(500); // Ajusta el tiempo de espera según la velocidad de la aplicación\n// Selecciona el primer elemento de la lista\ncy.get('#ddl_provincia_lista_unidad_ejecutora_list .ant-select-item-option') // Selecciona los elementos de la lista\n.eq(1) // Toma el primer elemento\n.click(); // Hace clic en el primer elemento\ncy.wait(100).tab();\n//Unidad ejecutora\ncy.get('#input_unidad_ejecutora').type(\"Prueba\" + randomNumber); //Escribir información\ncy.wait(100).tab();\ncy.wait(100).tab();\ncy.get(\"#btn_buscar\").should('be.visible').click();\ncy.wait(1000);\ncy.get('[id^=\"btn_ver_detalle_unidad_ejecutora_\"]') // Selecciona el botón cuyo ID empieza con \"btn_ver_detalle_unidad_ejecutora_\"\n.click();\ncy.wait(1000);\nconsole.log('¡Prueba exitosa!');\ncy.log('¡Prueba exitosa!');",
              "err": {},
              "uuid": "9055d511-df27-4902-8691-139891bfe649",
              "parentUUID": "eb3440ec-1a8d-49ba-82b1-f82b681eec2c",
              "isHook": false,
              "skipped": false
            },
            {
              "title": "Prueba exitosa",
              "fullTitle": "Crear unidad ejecutora Prueba exitosa",
              "timedOut": null,
              "duration": 788,
              "state": "passed",
              "speed": "fast",
              "pass": true,
              "fail": false,
              "pending": false,
              "context": null,
              "code": "cy.screenshot('clicking-on-nav');",
              "err": {},
              "uuid": "40374c61-e4f8-48ba-9680-c910c6c7005e",
              "parentUUID": "eb3440ec-1a8d-49ba-82b1-f82b681eec2c",
              "isHook": false,
              "skipped": false
            }
          ],
          "suites": [],
          "passes": [
            "9055d511-df27-4902-8691-139891bfe649",
            "40374c61-e4f8-48ba-9680-c910c6c7005e"
          ],
          "failures": [],
          "pending": [],
          "skipped": [],
          "duration": 34775,
          "root": false,
          "rootEmpty": false,
          "_timeout": 2000
        }
      ],
      "passes": [],
      "failures": [],
      "pending": [],
      "skipped": [],
      "duration": 0,
      "root": true,
      "rootEmpty": true,
      "_timeout": 2000
    }
  ],
  "meta": {
    "mocha": {
      "version": "7.0.1"
    },
    "mochawesome": {
      "options": {
        "quiet": false,
        "reportFilename": "mochawesome",
        "saveHtml": false,
        "saveJson": true,
        "consoleReporter": "spec",
        "useInlineDiffs": false,
        "code": true
      },
      "version": "7.1.3"
    },
    "marge": {
      "options": {
        "id": "default",
        "reportDir": "results",
        "overwrite": false,
        "html": false,
        "json": true
      },
      "version": "6.2.0"
    }
  }
}