{
  "stats": {
    "suites": 1,
    "tests": 1,
    "passes": 0,
    "pending": 0,
    "failures": 1,
    "start": "2025-05-16T14:35:14.653Z",
    "end": "2025-05-16T14:35:43.348Z",
    "duration": 28695,
    "testsRegistered": 1,
    "passPercent": 0,
    "pendingPercent": 0,
    "other": 0,
    "hasOther": false,
    "skipped": 0,
    "hasSkipped": false
  },
  "results": [
    {
      "uuid": "ece97c8c-9a06-4627-b3ba-78117a54cc46",
      "title": "",
      "fullFile": "cypress\\e2e\\TC_CP_Administrador de usuarios_Asignar roles a unidades ejecutoras.cy.js",
      "file": "cypress\\e2e\\TC_CP_Administrador de usuarios_Asignar roles a unidades ejecutoras.cy.js",
      "beforeHooks": [],
      "afterHooks": [],
      "tests": [],
      "suites": [
        {
          "uuid": "5ac123d8-8be9-4a26-96f6-26c2c97d9070",
          "title": "TC_CP_Administrador de usuarios_Asignar roles a unidades ejecutoras",
          "fullFile": "",
          "file": "",
          "beforeHooks": [],
          "afterHooks": [],
          "tests": [
            {
              "title": "debería iniciar sesión con éxito",
              "fullTitle": "TC_CP_Administrador de usuarios_Asignar roles a unidades ejecutoras debería iniciar sesión con éxito",
              "timedOut": null,
              "duration": 19302,
              "state": "failed",
              "speed": null,
              "pass": false,
              "fail": true,
              "pending": false,
              "context": null,
              "code": "// Llama a la función login \ncy.login_CORE();\n// Verifica que el login haya sido exitoso\ncy.url().should('not.include', '/login');\ncy.wait(1000);\ncy.get(\"#btn_menu_desplegable\").should('be.visible').click();\ncy.wait(1000);\ncy.get(\"#spn_modulo_medical_records_administrar_usuarios\").should('be.visible').click();\ncy.wait(1000);\ncy.get(\"#btn_menu_desplegable\").should('be.visible').click();\ncy.wait(1000);\nlet contador = 0;\nconst rutaArchivoExcel = 'cypress/fixtures/datos2.xlsx';\n// Leer los datos del archivo Excel\ncy.leerExcel(rutaArchivoExcel).then(datosExcel => {\n  // Mostrar los datos leídos\n  console.log(datosExcel);\n  // Recorrer los datos del archivo Excel\n  for (let i = 1; i < datosExcel.length; i++) {\n    // Comenzamos desde 1 para saltarnos la fila de encabezados\n    // Tomar el valor de la primera columna (DNI)\n    // Usar los datos del Excel\n    // Ingresar DNI\n    const DNI = datosExcel[i][0]; // Primer fila, primera columna (usando índices 0 basados)\n    if (DNI && DNI.trim() !== '') {\n      // Si el DNI es válido, proceder con la acción\n      cy.window().then(win => {\n        win.alert('El DNI es correcto');\n      });\n    } else {\n      // Si el DNI está vacío o no es válido, lanzar una alerta\n      cy.window().then(win => {\n        win.alert('Prueba exitosa');\n        cy.log('Prueba Finalizada: correctamente');\n        cy.pause();\n      });\n    }\n    cy.get('#searchNamesOrIdentifications', {\n      timeout: 1000\n    }).should('exist').should('be.visible').type(DNI).click();\n    cy.get(\"#btn_buscar_nuevo_usuario\").should('be.visible').click();\n    cy.wait(1000);\n    cy.get('[id*=\"btn_ver_detalle_\"]').first().scrollIntoView().should('be.visible').click();\n    // Usar los datos del Excel\n    // Ingresar NOMBRE\n    const UNIDADE = datosExcel[i][7]; // Primer fila, segunda columna\n    cy.get('#ddl_unidad_ejecutora', {\n      timeout: 1000\n    }).should('exist').should('be.visible').type(UNIDADE).type('{enter}');\n    cy.wait(100).tab();\n    // Usar los datos del Excel\n    // Ingresar APELLIDO\n    cy.xpath('//*[@id=\"single-spa-application:@thv/core\"]/div/div/main/section/div/div/div/div/div[3]/div[2]/form/div/div[2]/div/div/div[2]/div/div/div/div/div').scrollIntoView().should('be.visible').click();\n    cy.get('.ant-select-dropdown .ant-select-item-option').contains('Urgencia').click();\n    cy.wait(100).tab();\n    const ROL = datosExcel[i][9];\n    cy.xpath('//*[@id=\"single-spa-application:@thv/core\"]/div/div/main/section/div/div/div/div/div[3]/div[2]/form/div/div[3]/div/div/div[2]/div/div/div/div/div').scrollIntoView().should('be.visible').type(ROL).type('{enter}');\n    cy.wait(100).tab();\n    cy.get(\"#btn_asignar_rol\").should('be.visible').click();\n    // Incrementar el contador\n    contador++;\n    // Mostrar en la consola el contador y el DNI\n    cy.log(`Contador: ${contador}, DNI: ${DNI}`);\n  }\n});\ncy.wait(1000);\nconsole.log('¡Prueba exitosa!');\ncy.log('¡Prueba exitosa!');",
              "err": {
                "message": "Error: AssertionError: Timed out retrying after 1000ms: Expected to find element: `#searchNamesOrIdentifications`, but never found it.",
                "estack": "Error: AssertionError: Timed out retrying after 1000ms: Expected to find element: `#searchNamesOrIdentifications`, but never found it.",
                "diff": null
              },
              "uuid": "041767d1-bb38-43ce-9d06-a0b648ac322a",
              "parentUUID": "5ac123d8-8be9-4a26-96f6-26c2c97d9070",
              "isHook": false,
              "skipped": false
            }
          ],
          "suites": [],
          "passes": [],
          "failures": [
            "041767d1-bb38-43ce-9d06-a0b648ac322a"
          ],
          "pending": [],
          "skipped": [],
          "duration": 19302,
          "root": false,
          "rootEmpty": false,
          "_timeout": 2000
        }
      ],
      "passes": [],
      "failures": [],
      "pending": [],
      "skipped": [],
      "duration": 0,
      "root": true,
      "rootEmpty": true,
      "_timeout": 2000
    }
  ],
  "meta": {
    "mocha": {
      "version": "7.0.1"
    },
    "mochawesome": {
      "options": {
        "quiet": false,
        "reportFilename": "mochawesome",
        "saveHtml": false,
        "saveJson": true,
        "consoleReporter": "spec",
        "useInlineDiffs": false,
        "code": true
      },
      "version": "7.1.3"
    },
    "marge": {
      "options": {
        "id": "default",
        "reportDir": "results",
        "overwrite": false,
        "html": false,
        "json": true
      },
      "version": "6.2.0"
    }
  }
}