{
  "stats": {
    "suites": 1,
    "tests": 1,
    "passes": 0,
    "pending": 0,
    "failures": 1,
    "start": "2025-05-16T14:29:49.161Z",
    "end": "2025-05-16T14:29:50.700Z",
    "duration": 1539,
    "testsRegistered": 1,
    "passPercent": 0,
    "pendingPercent": 0,
    "other": 0,
    "hasOther": false,
    "skipped": 0,
    "hasSkipped": false
  },
  "results": [
    {
      "uuid": "53406a6e-24c0-4d9f-a73d-1036b0284e40",
      "title": "",
      "fullFile": "cypress\\e2e\\Login Fallido por Contraseña.cy.js",
      "file": "cypress\\e2e\\Login Fallido por Contraseña.cy.js",
      "beforeHooks": [],
      "afterHooks": [],
      "tests": [],
      "suites": [
        {
          "uuid": "ec442d4a-ba61-46b4-8d20-d605c6f8ce2b",
          "title": "template spec",
          "fullFile": "",
          "file": "",
          "beforeHooks": [],
          "afterHooks": [],
          "tests": [
            {
              "title": "Fallido por Contraseña",
              "fullTitle": "template spec Fallido por Contraseña",
              "timedOut": null,
              "duration": 1419,
              "state": "failed",
              "speed": null,
              "pass": false,
              "fail": true,
              "pending": false,
              "context": null,
              "code": "cy.visit('https://front-core-stg.nuevoexpediente.com/login');\n// Login\ncy.get('#input_nombre_usuario_login').type(\"132-546-021\"); // Escribir información\ncy.get('#input_contrasena_login').type(\"Password011@@@@2323===???\");\ncy.get('#btn_ingresar_login').click();\n// Esperar a que la página se cargue completamente\ncy.wait(2000); // Ajusta según lo que necesites\n// Tomar una captura de pantalla mejorada\ncy.screenshot('Login Fallido por Contraseña/1 - Login', {\n  capture: 'fullPage' // Captura toda la página\n});",
              "err": {
                "message": "Error: CypressError: `cy.visit()` failed trying to load:\n\nhttps://front-core-stg.nuevoexpediente.com/login\n\nThe response we received from your web server was:\n\n  > 404: Not Found\n\nThis was considered a failure because the status code was not `2xx`.\n\nIf you do not want status codes to cause failures pass the option: `failOnStatusCode: false`",
                "estack": "Error: CypressError: `cy.visit()` failed trying to load:\n\nhttps://front-core-stg.nuevoexpediente.com/login\n\nThe response we received from your web server was:\n\n  > 404: Not Found\n\nThis was considered a failure because the status code was not `2xx`.\n\nIf you do not want status codes to cause failures pass the option: `failOnStatusCode: false`",
                "diff": null
              },
              "uuid": "89f992c1-90fc-4cb4-9471-350ec00e1abe",
              "parentUUID": "ec442d4a-ba61-46b4-8d20-d605c6f8ce2b",
              "isHook": false,
              "skipped": false
            }
          ],
          "suites": [],
          "passes": [],
          "failures": [
            "89f992c1-90fc-4cb4-9471-350ec00e1abe"
          ],
          "pending": [],
          "skipped": [],
          "duration": 1419,
          "root": false,
          "rootEmpty": false,
          "_timeout": 2000
        }
      ],
      "passes": [],
      "failures": [],
      "pending": [],
      "skipped": [],
      "duration": 0,
      "root": true,
      "rootEmpty": true,
      "_timeout": 2000
    }
  ],
  "meta": {
    "mocha": {
      "version": "7.0.1"
    },
    "mochawesome": {
      "options": {
        "quiet": false,
        "reportFilename": "mochawesome",
        "saveHtml": false,
        "saveJson": true,
        "consoleReporter": "spec",
        "useInlineDiffs": false,
        "code": true
      },
      "version": "7.1.3"
    },
    "marge": {
      "options": {
        "id": "default",
        "reportDir": "results",
        "overwrite": false,
        "html": false,
        "json": true
      },
      "version": "6.2.0"
    }
  }
}