{
  "stats": {
    "suites": 1,
    "tests": 1,
    "passes": 0,
    "pending": 0,
    "failures": 1,
    "start": "2025-05-16T14:30:00.938Z",
    "end": "2025-05-16T14:30:01.820Z",
    "duration": 882,
    "testsRegistered": 1,
    "passPercent": 0,
    "pendingPercent": 0,
    "other": 0,
    "hasOther": false,
    "skipped": 0,
    "hasSkipped": false
  },
  "results": [
    {
      "uuid": "5015f761-f6c4-492e-b9f1-002076d61160",
      "title": "",
      "fullFile": "cypress\\e2e\\Login Fallido por Usuario.cy.js",
      "file": "cypress\\e2e\\Login Fallido por Usuario.cy.js",
      "beforeHooks": [],
      "afterHooks": [],
      "tests": [],
      "suites": [
        {
          "uuid": "c883cc2a-b07a-432b-94bb-7af3f196b7c6",
          "title": "template spec",
          "fullFile": "",
          "file": "",
          "beforeHooks": [],
          "afterHooks": [],
          "tests": [
            {
              "title": "passes",
              "fullTitle": "template spec passes",
              "timedOut": null,
              "duration": 766,
              "state": "failed",
              "speed": null,
              "pass": false,
              "fail": true,
              "pending": false,
              "context": null,
              "code": "cy.visit('https://front-core-stg.nuevoexpediente.com/login');\n//Login\ncy.get('#input_nombre_usuario_login').type(\"//@@==nADA de NADA UsUar10 FAIL\"); //Escribir información\ncy.get('#input_contrasena_login').type(\"Password01\");\ncy.get('#btn_ingresar_login').click();\ncy.wait(2000); // Ajusta según lo que necesites\n// Tomar una captura de pantalla mejorada\ncy.screenshot('Login Fallido por Usuario/1 - Login', {\n  capture: 'fullPage' // Captura toda la página\n});",
              "err": {
                "message": "Error: CypressError: `cy.visit()` failed trying to load:\n\nhttps://front-core-stg.nuevoexpediente.com/login\n\nThe response we received from your web server was:\n\n  > 404: Not Found\n\nThis was considered a failure because the status code was not `2xx`.\n\nIf you do not want status codes to cause failures pass the option: `failOnStatusCode: false`",
                "estack": "Error: CypressError: `cy.visit()` failed trying to load:\n\nhttps://front-core-stg.nuevoexpediente.com/login\n\nThe response we received from your web server was:\n\n  > 404: Not Found\n\nThis was considered a failure because the status code was not `2xx`.\n\nIf you do not want status codes to cause failures pass the option: `failOnStatusCode: false`",
                "diff": null
              },
              "uuid": "603f7b74-b036-4b1e-ba67-d6d9ba565e73",
              "parentUUID": "c883cc2a-b07a-432b-94bb-7af3f196b7c6",
              "isHook": false,
              "skipped": false
            }
          ],
          "suites": [],
          "passes": [],
          "failures": [
            "603f7b74-b036-4b1e-ba67-d6d9ba565e73"
          ],
          "pending": [],
          "skipped": [],
          "duration": 766,
          "root": false,
          "rootEmpty": false,
          "_timeout": 2000
        }
      ],
      "passes": [],
      "failures": [],
      "pending": [],
      "skipped": [],
      "duration": 0,
      "root": true,
      "rootEmpty": true,
      "_timeout": 2000
    }
  ],
  "meta": {
    "mocha": {
      "version": "7.0.1"
    },
    "mochawesome": {
      "options": {
        "quiet": false,
        "reportFilename": "mochawesome",
        "saveHtml": false,
        "saveJson": true,
        "consoleReporter": "spec",
        "useInlineDiffs": false,
        "code": true
      },
      "version": "7.1.3"
    },
    "marge": {
      "options": {
        "id": "default",
        "reportDir": "results",
        "overwrite": false,
        "html": false,
        "json": true
      },
      "version": "6.2.0"
    }
  }
}