{
  "stats": {
    "suites": 1,
    "tests": 1,
    "passes": 0,
    "pending": 0,
    "failures": 1,
    "start": "2025-05-16T14:22:56.551Z",
    "end": "2025-05-16T14:23:56.136Z",
    "duration": 59585,
    "testsRegistered": 1,
    "passPercent": 0,
    "pendingPercent": 0,
    "other": 0,
    "hasOther": false,
    "skipped": 0,
    "hasSkipped": false
  },
  "results": [
    {
      "uuid": "e0077b9e-472b-47c5-a977-6da0fe746e7b",
      "title": "",
      "fullFile": "cypress\\e2e\\Asignación de citas-Generar cita NUEVO diaria horario AM.cy.js",
      "file": "cypress\\e2e\\Asignación de citas-Generar cita NUEVO diaria horario AM.cy.js",
      "beforeHooks": [],
      "afterHooks": [],
      "tests": [],
      "suites": [
        {
          "uuid": "4656e1e1-d64f-4fc7-a622-d70b605e9737",
          "title": "Generar cita diaria de tipo Nuevo en horario AM",
          "fullFile": "",
          "file": "",
          "beforeHooks": [],
          "afterHooks": [],
          "tests": [
            {
              "title": "debería iniciar sesión con éxito",
              "fullTitle": "Generar cita diaria de tipo Nuevo en horario AM debería iniciar sesión con éxito",
              "timedOut": null,
              "duration": 46075,
              "state": "failed",
              "speed": null,
              "pass": false,
              "fail": true,
              "pending": false,
              "context": null,
              "code": "// Llama a la función login \ncy.login_SDA();\n// Verifica que el login haya sido exitoso\ncy.url().should('not.include', '/login');\ncy.wait(1000);\ncy.get('#div_nombre_usuario', {\n  timeout: 10000\n}).should('be.visible').click();\ncy.get('#div_menu_cambiar_cuenta', {\n  timeout: 10000\n}).should('be.visible').click();\ncy.get('#div_seleccionar_rol_supervisor_de_tramites_y_citas', {\n  timeout: 10000\n}).should('be.visible').click();\ncy.wait(1000);\ncy.get(\"#btn_menu_desplegable\").should('be.visible').click();\ncy.wait(1000);\ncy.get(\"#spn_modulo_unidades_ejecutoras_asignaciondecitas\").should('be.visible').click();\ncy.wait(1000);\ncy.get(\"#spn_submodulo_unidades_ejecutoras_citas\").should('be.visible').click();\ncy.wait(1000);\ncy.get(\"#btn_menu_desplegable\").should('be.visible').click();\ncy.wait(1000);\ncy.wait(100).tab();\ncy.wait(100).tab();\n//------------------------------------------------\nlet contador = 0;\nconst rutaArchivoExcel = 'cypress/fixtures/agenda.xlsx';\n// Leer los datos del archivo Excel\ncy.leerExcel(rutaArchivoExcel).then(datosExcel => {\n  // Mostrar los datos leídos\n  console.log(datosExcel);\n  // Recorrer los datos del archivo Excel\n  for (let i = 1; i < datosExcel.length; i++) {\n    // Comenzamos desde 1 para saltarnos la fila de encabezados\n    // Tomar el valor de la primera columna (DNI)\n    // Usar los datos del Excel\n    // Ingresar DNI\n    const DNI = datosExcel[i][0]; // Primer fila, primera columna (usando índices 0 basados)\n    if (DNI && DNI.trim() !== '') {\n      // Si el DNI es válido, proceder con la acción\n      cy.window().then(win => {\n        win.alert('El DNI es correcto');\n      });\n    } else {\n      // Si el DNI está vacío o no es válido, lanzar una alerta\n      cy.window().then(win => {\n        win.alert('Prueba exitosa');\n        cy.log('Prueba Finalizada: correctamente');\n        cy.pause();\n      });\n    }\n    cy.get('#validateDNI_dni', {\n      timeout: 1000\n    }).should('exist').should('be.visible').type(DNI).type('{enter}');\n    cy.get('#province').scrollIntoView().should('be.visible');\n    const PROVINCIA = datosExcel[i][1]; // Primer fila, primera columna (usando índices 0 basados)     \n    cy.get('#province', {\n      timeout: 1000\n    }).should('exist').should('be.visible').type(PROVINCIA).type('{enter}');\n    cy.get('input[type=\"radio\"][value=\"No\"]') // Selecciona el radio button con el valor \"No\"\n    .check();\n    // Usar los datos del Excel\n    // Unidad Ejecutora\n    cy.get('#executingUnit').scrollIntoView().should('be.visible');\n    const UNIDADE = datosExcel[i][2]; // Primer fila, primera columna (usando índices 0 basados)     \n    cy.get('#executingUnit', {\n      timeout: 1000\n    }).should('exist').should('be.visible').type(UNIDADE).type('{enter}');\n    cy.get('#requiredService') // Selecciona el elemento\n    .scrollIntoView() // Desplázate hacia el elemento para hacerlo visible\n    .should('be.visible') // Asegúrate de que el elemento sea visible\n    .type('Medicina general').type('{enter}');\n    cy.get('#select_Crear_Cita_Formulario_Modelo_Agenda') // Selecciona el elemento\n    .scrollIntoView() // Desplázate hacia el elemento para hacerlo visible\n    .should('be.visible') // Asegúrate de que el elemento sea visible\n    .type('Personalizado').type('{enter}');\n    cy.get('input[type=\"radio\"][value=\"NUEVO\"]') // Selecciona el radio button con el valor \"NUEVO\"\n    .check();\n    cy.get('input[type=\"radio\"][value=\"AM\"]') // Selecciona el radio button con el valor \"NUEVO\"\n    .check();\n    cy.pause();\n    cy.get('div.ant-card.ant-card-bordered.overrideCardBody').should('be.visible');\n    cy.contains('span.ant-typography', 'Fecha de la cita', {\n      timeout: 10000\n    }) // 10 segundos\n    .should('be.visible');\n    cy.contains('button', 'Asignar cita', {\n      timeout: 10000\n    }).should('not.be.disabled').click();\n    cy.pause();\n    contador++;\n    // Mostrar en la consola el contador y el DNI\n    cy.log(`Contador: ${contador}, DNI: ${DNI}`);\n  }\n});",
              "err": {
                "message": "Error: AssertionError: Timed out retrying after 10000ms: Expected to find content: 'Fecha de la cita' within the selector: 'span.ant-typography' but never did.",
                "estack": "Error: AssertionError: Timed out retrying after 10000ms: Expected to find content: 'Fecha de la cita' within the selector: 'span.ant-typography' but never did.",
                "diff": null
              },
              "uuid": "fc40ce3c-27d9-4d01-9718-1d1c4645e741",
              "parentUUID": "4656e1e1-d64f-4fc7-a622-d70b605e9737",
              "isHook": false,
              "skipped": false
            }
          ],
          "suites": [],
          "passes": [],
          "failures": [
            "fc40ce3c-27d9-4d01-9718-1d1c4645e741"
          ],
          "pending": [],
          "skipped": [],
          "duration": 46075,
          "root": false,
          "rootEmpty": false,
          "_timeout": 2000
        }
      ],
      "passes": [],
      "failures": [],
      "pending": [],
      "skipped": [],
      "duration": 0,
      "root": true,
      "rootEmpty": true,
      "_timeout": 2000
    }
  ],
  "meta": {
    "mocha": {
      "version": "7.0.1"
    },
    "mochawesome": {
      "options": {
        "quiet": false,
        "reportFilename": "mochawesome",
        "saveHtml": false,
        "saveJson": true,
        "consoleReporter": "spec",
        "useInlineDiffs": false,
        "code": true
      },
      "version": "7.1.3"
    },
    "marge": {
      "options": {
        "id": "default",
        "reportDir": "results",
        "overwrite": false,
        "html": false,
        "json": true
      },
      "version": "6.2.0"
    }
  }
}