{
  "stats": {
    "suites": 1,
    "tests": 1,
    "passes": 0,
    "pending": 0,
    "failures": 1,
    "start": "2025-05-16T14:19:36.081Z",
    "end": "2025-05-16T14:20:00.993Z",
    "duration": 24912,
    "testsRegistered": 1,
    "passPercent": 0,
    "pendingPercent": 0,
    "other": 0,
    "hasOther": false,
    "skipped": 0,
    "hasSkipped": false
  },
  "results": [
    {
      "uuid": "c70a916b-ad9e-4757-adcb-5d9a4f31019d",
      "title": "",
      "fullFile": "cypress\\e2e\\Antecedentes.cy.js",
      "file": "cypress\\e2e\\Antecedentes.cy.js",
      "beforeHooks": [],
      "afterHooks": [],
      "tests": [],
      "suites": [
        {
          "uuid": "f77acc64-5cb3-4876-9843-857294badeb1",
          "title": "Antecedentes",
          "fullFile": "",
          "file": "",
          "beforeHooks": [],
          "afterHooks": [],
          "tests": [
            {
              "title": "debería iniciar sesión con éxito",
              "fullTitle": "Antecedentes debería iniciar sesión con éxito",
              "timedOut": null,
              "duration": 10536,
              "state": "failed",
              "speed": null,
              "pass": false,
              "fail": true,
              "pending": false,
              "context": null,
              "code": "// Llama a la función login \ncy.login_ECLI();\n// Verifica que el login haya sido exitoso, por ejemplo, comprobando que la URL cambió\ncy.url().should('not.include', '/login');\ncy.wait(1000);\ncy.get(\"#spn_icono_estaciones_clinicas_agenda\").should('be.visible').click();\ncy.wait(2000);\ncy.get(\"#spn_submodulo_estaciones_clinicas_agenda\").should('be.visible').click();\ncy.wait(4000);\n// Seleccionamos el radio input con la clase ant-radio-input y el valor \"Servicio\"\ncy.get('input.ant-radio-input[value=\"Servicio\"]').check();\n// Verificamos que el radio input con valor \"Servicio\" esté seleccionado\ncy.get('input.ant-radio-input[value=\"Servicio\"]').should('be.checked');\ncy.wait(2000);\n//Seleccionamos el botón cuyo id contiene \"btn_Enfermero/a_agenda_iniciar\"\n//cy.get('button[id*=\"btn_Enfermero/a_agenda_iniciar_0\"]').click();\n//Seleccionamos el botón continuar\"\ncy.get('button[id=\"btn_Enfermero/a_agenda_continuar_0\"]').then($button => {\n  if ($button.length > 0) {\n    // Si el botón con id=\"btn_Enfermero/a_agenda_iniciar_0\" existe, hacer clic en él\n    cy.wrap($button).click();\n    cy.wait(1000);\n  } else {\n    // Si no existe, buscar el siguiente botón con otro id, por ejemplo \"btn_Enfermero/a_agenda_iniciar_1\"\n    cy.get('button[id=\"btn_Enfermero/a_agenda_continuar_1\"]').should('exist').click(); // Haz clic en el segundo botón\n  }\n});\ncy.wait(2000).tab();\n// motivo de consulta----------------------------------------------------\ncy.get('#btn_Enfermero\\\\/a_enfermedad_actual_agregar') // Selecciona el selector\n.eq(0) // Selecciona el primer elemento de los que coinciden\n.scrollIntoView() // Desplaza el elemento hasta que sea visible\n.should('be.visible') // Verifica que el elemento sea visible\n.click(); // Haz clic en el elemento\ncy.get('.ant-select-selection-overflow').should('be.visible') // Opcional: Verificar que el elemento sea visible\n.click();\ncy.get('#ddl_Enfermero\\\\/a_enfermedad_actual_motivo_consulta_list_0') // Escapa el '/' con '\\\\'\n.should('be.visible') // Verifica que el elemento sea visible\n.click(); // Haz clic en el elemento\ncy.wait(1000).tab();\ncy.get('#txt_Enfermero\\\\/a_enfermedad_actual_historia_enfermedad') // Escapa el '/' con '\\\\'\n.should('be.visible') // Verifica que el elemento esté visible\n.click();\ncy.get('#txt_Enfermero\\\\/a_enfermedad_actual_historia_enfermedad').type(\"prueba\");\ncy.get('#btn_Enfermero\\\\/a_enfermedad_actual_guardar') // Escapa el '/' con '\\\\'\n.should('be.visible') // Verifica que el elemento sea visible\n.click(); // Haz clic en el elemento\ncy.wait(2000);\ncy.screenshot('clicking-on-nav');\n// Signos vitales------------------------------------\ncy.get(\"#tab_Doctor_evaluacion_medica_signos_vitales\").should('be.visible').click();\ncy.screenshot('clicking-on-nav');\ncy.wait(3000);\ncy.get(\"#btn_Doctor_signos_vitales_agregar_exploracion_fisica\").should('be.visible').click();\ncy.wait(3000);\ncy.get(\"#txt_Doctor_signos_vitales_presion_arterial\").should('be.visible').click();\ncy.get(\"#txt_Doctor_signos_vitales_presion_arterial\").type(\"125/80\");\ncy.get(\"#txt_Doctor_signos_vitales_frecuencia_cardiaca\").should('be.visible').click();\ncy.get(\"#txt_Doctor_signos_vitales_frecuencia_cardiaca\").type(\"55\");\ncy.get(\"#txt_Doctor_signos_vitales_frecuencia_respiratoria\").should('be.visible').click();\ncy.get(\"#txt_Doctor_signos_vitales_frecuencia_respiratoria\").type(\"55\");\ncy.get(\"#txt_Doctor_signos_vitales_saturacion_oxigeno\").should('be.visible').click();\ncy.get(\"#txt_Doctor_signos_vitales_saturacion_oxigeno\").type(\"80\");\ncy.get(\"#txt_Doctor_signos_vitales_temperatura\").should('be.visible').click();\ncy.get(\"#txt_Doctor_signos_vitales_temperatura\").type(\"37.0\");\ncy.get(\"#txt_Doctor_signos_vitales_peso\").should('be.visible').click();\ncy.get(\"#txt_Doctor_signos_vitales_peso\").type(\"80\");\ncy.get(\"#txt_Doctor_signos_vitales_talla\").should('be.visible').click();\ncy.get(\"#txt_Doctor_signos_vitales_talla\").type(\"1.80\");\ncy.get(\"#txt_Doctor_signos_vitales_perimetro_abdominal\").should('be.visible').click();\ncy.get(\"#txt_Doctor_signos_vitales_perimetro_abdominal\").type(\"90\");\ncy.get(\"#txt_Doctor_signos_vitales_perimetro_cefalico\").should('be.visible').click();\ncy.get(\"#txt_Doctor_signos_vitales_perimetro_cefalico\").type(\"90.9\");\ncy.get(\"#btn_Doctor_signos_vitales_guardar\").should('be.visible').click();\ncy.wait(2000);\ncy.screenshot('clicking-on-nav');\n// Exploración Física\ncy.get(\"#tab_Doctor_evaluacion_medica_exploracion_fisica\").click();\ncy.get(\"#btn_Doctor_exploracion_fisica_agregar_exploracion_fisica\").should('be.visible').click();\ncy.wait(2000);\ncy.get(\"#btn_Doctor_exploracion_fisica_guardar\").click();\ncy.wait(5000);\ncy.screenshot('clicking-on-nav');\n// Nota Médica\ncy.get(\"#tab_Doctor_evaluacion_medica_notas_medicas\").click();\ncy.get(\"#btn_Doctor_notas_medicas_agregar_nota\").should('be.visible').click();\ncy.wait(2000);\ncy.get(\"#btn_Doctor_notas_medicas_nota_medica\").click();\ncy.get(\"#btn_Doctor_notas_medicas_nota_medica\").type(\"prueba\");\ncy.wait(2000);\ncy.get(\"#btn_Doctor_notas_medicas_guardar\").click();\ncy.wait(3000);\ncy.screenshot('clicking-on-nav');\n// Diagnóstico de Salida\ncy.get(\"#tab_Doctor_evaluacion_medica_diagnostico_salida\").should('be.visible').click();\ncy.get(\"#btn_Doctor_diagnostico_salida_agregar_diagnostico\").should('be.visible').click();\ncy.wait(2000);\ncy.get(\"#rb_Doctor_diagnostico_salida_nuevo\").click();\ncy.get(\"#ddl_Doctor_diagnostico_salida_enfermedad\").click();\ncy.wait(2000).tab();\ncy.get(\"#ddl_Doctor_diagnostico_salida_enfermedad\").type(\"{enter}\");\ncy.wait(2000);\ncy.get(\"#input_Doctor_diagnostico_salida_observacion\").click();\ncy.get(\"#input_Doctor_diagnostico_salida_observacion\").type(\"prueba\");\ncy.get(\"#rb_Doctor_diagnostico_salida_estatus_diagnostico\").click();\ncy.get(\"#btn_Doctor_diagnostico_salida_guardar\").click();\ncy.wait(3000);\ncy.screenshot('clicking-on-nav');",
              "err": {
                "message": "Error: AssertionError: Timed out retrying after 4000ms: Expected to find element: `#btn_seleccionar_unidad_ejecutora_hospital_de_almirante`, but never found it.",
                "estack": "Error: AssertionError: Timed out retrying after 4000ms: Expected to find element: `#btn_seleccionar_unidad_ejecutora_hospital_de_almirante`, but never found it.",
                "diff": null
              },
              "uuid": "fd7a5d3e-2404-43c0-9fc7-b995710defba",
              "parentUUID": "f77acc64-5cb3-4876-9843-857294badeb1",
              "isHook": false,
              "skipped": false
            }
          ],
          "suites": [],
          "passes": [],
          "failures": [
            "fd7a5d3e-2404-43c0-9fc7-b995710defba"
          ],
          "pending": [],
          "skipped": [],
          "duration": 10536,
          "root": false,
          "rootEmpty": false,
          "_timeout": 2000
        }
      ],
      "passes": [],
      "failures": [],
      "pending": [],
      "skipped": [],
      "duration": 0,
      "root": true,
      "rootEmpty": true,
      "_timeout": 2000
    }
  ],
  "meta": {
    "mocha": {
      "version": "7.0.1"
    },
    "mochawesome": {
      "options": {
        "quiet": false,
        "reportFilename": "mochawesome",
        "saveHtml": false,
        "saveJson": true,
        "consoleReporter": "spec",
        "useInlineDiffs": false,
        "code": true
      },
      "version": "7.1.3"
    },
    "marge": {
      "options": {
        "id": "default",
        "reportDir": "results",
        "overwrite": false,
        "html": false,
        "json": true
      },
      "version": "6.2.0"
    }
  }
}