{
  "stats": {
    "suites": 1,
    "tests": 1,
    "passes": 0,
    "pending": 0,
    "failures": 1,
    "start": "2025-05-16T14:30:58.780Z",
    "end": "2025-05-16T14:31:51.534Z",
    "duration": 52754,
    "testsRegistered": 1,
    "passPercent": 0,
    "pendingPercent": 0,
    "other": 0,
    "hasOther": false,
    "skipped": 0,
    "hasSkipped": false
  },
  "results": [
    {
      "uuid": "726673c9-ed00-49d4-83f5-cd26e58b63ad",
      "title": "",
      "fullFile": "cypress\\e2e\\Realizar cancelación de cita de un paciente.cy.js",
      "file": "cypress\\e2e\\Realizar cancelación de cita de un paciente.cy.js",
      "beforeHooks": [],
      "afterHooks": [],
      "tests": [],
      "suites": [
        {
          "uuid": "0f0e1675-cf1e-4208-8b5b-d0d26c2d1e31",
          "title": "Realizar cancelación de cita de un paciente",
          "fullFile": "",
          "file": "",
          "beforeHooks": [],
          "afterHooks": [],
          "tests": [
            {
              "title": "debería iniciar sesión con éxito",
              "fullTitle": "Realizar cancelación de cita de un paciente debería iniciar sesión con éxito",
              "timedOut": null,
              "duration": 40176,
              "state": "failed",
              "speed": null,
              "pass": false,
              "fail": true,
              "pending": false,
              "context": null,
              "code": "// Llama a la función login \ncy.login_SDA();\n// Verifica que el login haya sido exitoso\ncy.url().should('not.include', '/login');\ncy.wait(1000);\ncy.get('#div_nombre_usuario', {\n  timeout: 10000\n}).should('be.visible').click();\ncy.get('#div_menu_cambiar_cuenta', {\n  timeout: 10000\n}).should('be.visible').click();\ncy.get('#div_seleccionar_rol_supervisor_de_tramites_y_citas', {\n  timeout: 10000\n}).should('be.visible').click();\ncy.wait(1000);\ncy.get(\"#btn_menu_desplegable\").should('be.visible').click();\ncy.wait(1000);\ncy.get(\"#spn_modulo_unidades_ejecutoras_lista_citas\").should('be.visible').click();\ncy.wait(1000);\ncy.get(\"#btn_menu_desplegable\").should('be.visible').click();\ncy.wait(1000);\ncy.wait(100).tab();\ncy.wait(100).tab();\n//------------------------------------------------\nlet contador = 0;\nconst rutaArchivoExcel = 'cypress/fixtures/agenda.xlsx';\n// Leer los datos del archivo Excel\ncy.leerExcel(rutaArchivoExcel).then(datosExcel => {\n  // Mostrar los datos leídos\n  console.log(datosExcel);\n  // Recorrer los datos del archivo Excel\n  for (let i = 1; i < datosExcel.length; i++) {\n    // Comenzamos desde 1 para saltarnos la fila de encabezados\n    // Tomar el valor de la primera columna (DNI)\n    // Usar los datos del Excel\n    // Ingresar DNI\n    const DNI = datosExcel[i][0]; // Primer fila, primera columna (usando índices 0 basados)\n    if (DNI && DNI.trim() !== '') {\n      // Si el DNI es válido, proceder con la acción\n      cy.window().then(win => {\n        win.alert('El DNI es correcto');\n      });\n    } else {\n      // Si el DNI está vacío o no es válido, lanzar una alerta\n      cy.window().then(win => {\n        win.alert('Prueba exitosa');\n        cy.log('Prueba Finalizada: correctamente');\n        cy.pause();\n      });\n    }\n    cy.get('#txt_Citas_DNI', {\n      timeout: 1000\n    }).should('exist').should('be.visible').type(DNI).type('{enter}');\n    // Ingresar FECHA\n    const FECHA = datosExcel[i][3]; // Primer fila, segunda columna\n    cy.get('#date_picker_Citas_Fecha', {\n      timeout: 2000\n    }) // Espera hasta 2 segundos\n    .should('exist') // Asegura que el campo esté presente en el DOM\n    .should('be.visible') // Asegura que el campo sea visible\n    .scrollIntoView() // Asegura que el campo esté dentro del viewport\n    .type(FECHA); // Escribe el valor de la variable FECHANAC en el campo\n    cy.wait(500).tab();\n    // Usar los datos del Excel\n    // Unidad Ejecutora\n    cy.get('#ddl_Citas_Unidad_Ejecutora').scrollIntoView().should('be.visible');\n    const UNIDADE = datosExcel[i][2]; // Primer fila, primera columna (usando índices 0 basados)     \n    cy.get('#ddl_Citas_Unidad_Ejecutora', {\n      timeout: 1000\n    }).should('exist').should('be.visible').type(UNIDADE).type('{enter}');\n    cy.get('#ddl_Citas_Servicio') // Selecciona el elemento\n    .scrollIntoView() // Desplázate hacia el elemento para hacerlo visible\n    .should('be.visible') // Asegúrate de que el elemento sea visible\n    .type('Medicina general').type('{enter}');\n    cy.wait(500).tab();\n    cy.get('button.ant-btn.ant-btn-icon-only.ant-dropdown-trigger').first().click();\n    cy.contains('Cancelar') // Busca un botón o elemento con el texto \"Cancelar\"              // Hace clic\n    .type('{enter}');\n    cy.get('div.ant-flex.css-1uweeqc.ant-flex-align-stretch.ant-flex-gap-large.ant-flex-vertical') // Selecciona el div con las clases proporcionadas\n    .should('be.visible');\n    cy.get('div.ant-flex.css-1uweeqc.ant-flex-align-stretch.ant-flex-gap-middle.ant-flex-vertical') // Selecciona el div que contiene el modal\n    .should('be.visible');\n    cy.get('#ddl_Modal_Cancelar_Cita_Motivo').click({\n      force: true\n    });\n    cy.get('.ant-select-dropdown').last() // toma el último renderizado\n    .should('be.visible').within(() => {\n      cy.get('.ant-select-item-option').first().click();\n    });\n    cy.contains('Confirmar') // Encuentra el botón con texto \"Cancelar\"\n    .should('be.visible') // Asegura que sea visible\n    .focus() // Asegura que tenga el foco (necesario para .type())\n    .click();\n    cy.pause();\n    contador++;\n    // Mostrar en la consola el contador y el DNI\n    cy.log(`Contador: ${contador}, DNI: ${DNI}`);\n  }\n});",
              "err": {
                "message": "Error: AssertionError: Timed out retrying after 2000ms: expected '<input#date_picker_Citas_Fecha>' to be 'visible'\n\nThis element `<input#date_picker_Citas_Fecha>` is not visible because its parent `<div#rc-tabs-0-panel-current_appointments.ant-tabs-tabpane.ant-tabs-tabpane-hidden>` has CSS property: `display: none`",
                "estack": "Error: AssertionError: Timed out retrying after 2000ms: expected '<input#date_picker_Citas_Fecha>' to be 'visible'\n\nThis element `<input#date_picker_Citas_Fecha>` is not visible because its parent `<div#rc-tabs-0-panel-current_appointments.ant-tabs-tabpane.ant-tabs-tabpane-hidden>` has CSS property: `display: none`",
                "diff": null
              },
              "uuid": "c87b3bd3-db73-434f-99c2-f4cdb30d1422",
              "parentUUID": "0f0e1675-cf1e-4208-8b5b-d0d26c2d1e31",
              "isHook": false,
              "skipped": false
            }
          ],
          "suites": [],
          "passes": [],
          "failures": [
            "c87b3bd3-db73-434f-99c2-f4cdb30d1422"
          ],
          "pending": [],
          "skipped": [],
          "duration": 40176,
          "root": false,
          "rootEmpty": false,
          "_timeout": 2000
        }
      ],
      "passes": [],
      "failures": [],
      "pending": [],
      "skipped": [],
      "duration": 0,
      "root": true,
      "rootEmpty": true,
      "_timeout": 2000
    }
  ],
  "meta": {
    "mocha": {
      "version": "7.0.1"
    },
    "mochawesome": {
      "options": {
        "quiet": false,
        "reportFilename": "mochawesome",
        "saveHtml": false,
        "saveJson": true,
        "consoleReporter": "spec",
        "useInlineDiffs": false,
        "code": true
      },
      "version": "7.1.3"
    },
    "marge": {
      "options": {
        "id": "default",
        "reportDir": "results",
        "overwrite": false,
        "html": false,
        "json": true
      },
      "version": "6.2.0"
    }
  }
}